/*C34*/SET SCHEMA PUBLIC
DISCONNECT
/*C36*/SET SCHEMA PUBLIC
DISCONNECT
/*C39*/SET SCHEMA PUBLIC
DISCONNECT
/*C37*/SET SCHEMA PUBLIC
DISCONNECT
/*C41*/SET SCHEMA PUBLIC
DELETE FROM PEOPLE WHERE ID=13
INSERT INTO PEOPLE VALUES(13,'John','Doe','Toyota','Ireland','Dublin')
COMMIT
/*C44*/SET SCHEMA PUBLIC
INSERT INTO PEOPLE VALUES(19,'Jane','Doe','Ford','London','England')
COMMIT
/*C47*/SET SCHEMA PUBLIC
DELETE FROM PEOPLE WHERE ID=19
COMMIT
/*C50*/SET SCHEMA PUBLIC
DISCONNECT
/*C40*/SET SCHEMA PUBLIC
DISCONNECT
/*C42*/SET SCHEMA PUBLIC
DISCONNECT
/*C41*/DISCONNECT
/*C45*/SET SCHEMA PUBLIC
DISCONNECT
/*C44*/DISCONNECT
/*C48*/SET SCHEMA PUBLIC
DISCONNECT
/*C47*/DISCONNECT
